<?xml version="1.0" encoding="UTF-8"?>
<!-- Generated by org.testng.reporters.JUnitXMLReporter -->
<testsuite hostname="PC452946" ignored="2" name="Test" tests="2" failures="1" timestamp="2020-06-03T19:57:52 IST" time="37.63" errors="0">
  <testcase name="getLatestBookOfAuthor" time="3.113" classname="org.goodReads.Test.TC001_GetLatestBookOfAuthor">
    <failure type="java.lang.RuntimeException">
      <![CDATA[java.lang.RuntimeException
at org.goodReads.utils.HTMLReporter.reportRequest(HTMLReporter.java:68)
at org.goodReads.base.RestAssuredBase.verifyActualAndExpectedValue(RestAssuredBase.java:125)
at org.goodReads.Test.TC001_GetLatestBookOfAuthor.getLatestBookOfAuthor(TC001_GetLatestBookOfAuthor.java:54)
at java.util.ArrayList.forEach(ArrayList.java:1257)
... Removed 27 stack frames]]>
    </failure>
  </testcase> <!-- getLatestBookOfAuthor -->
  <testcase name="getBookNameBasedOnDescription" time="34.101" classname="org.goodReads.Test.TC002_GetBookNameBasedOnDescription"/>
  <testcase name="@AfterSuite afterSuite" time="0.0" classname="org.goodReads.base.PreAndTest">
    <ignored/>
  </testcase> <!-- @AfterSuite afterSuite -->
  <testcase name="@BeforeSuite beforeSuite" time="0.0" classname="org.goodReads.base.PreAndTest">
    <ignored/>
  </testcase> <!-- @BeforeSuite beforeSuite -->
</testsuite> <!-- Test -->
