<?xml version="1.0" encoding="UTF-8"?>
<!-- Generated by org.testng.reporters.JUnitXMLReporter -->
<testsuite hostname="PC452946" ignored="4" name="Test" tests="3" failures="0" timestamp="2020-06-04T04:00:19 IST" time="73.823" errors="0">
  <testcase name="getLatestBookOfAuthor" time="3.124" classname="org.goodReads.test.GetLatestBookOfAuthor"/>
  <testcase name="getBookNameBasedOnDescription" time="35.04" classname="org.goodReads.test.GetBookNameBasedOnDescription"/>
  <testcase name="getNameOfBookePrizeWinner" time="35.201" classname="org.goodReads.test.GetBookNameOfBookerPrizeWinner"/>
  <testcase name="@AfterSuite afterSuite" time="0.0" classname="org.goodReads.base.PreAndTest">
    <ignored/>
  </testcase> <!-- @AfterSuite afterSuite -->
  <testcase name="@AfterSuite afterSuite" time="0.0" classname="org.goodReads.base.PreAndTest">
    <ignored/>
  </testcase> <!-- @AfterSuite afterSuite -->
  <testcase name="@BeforeSuite beforeSuite" time="0.0" classname="org.goodReads.base.PreAndTest">
    <ignored/>
  </testcase> <!-- @BeforeSuite beforeSuite -->
  <testcase name="@BeforeSuite beforeSuite" time="0.0" classname="org.goodReads.base.PreAndTest">
    <ignored/>
  </testcase> <!-- @BeforeSuite beforeSuite -->
</testsuite> <!-- Test -->
